[2025-08-12 14-56-24] PHP User Notice: Possible problem: you are sending a HTTP header while already having some data in output buffer. Try Tracy\OutputDebugger or send cookies/start session earlier. in /var/www/clients/client4/web95/web/vendor/nette/http/src/Http/Response.php:279  @  https://dev.qrdoklad.cz/debug.php 
[2025-08-12 14-56-24] PHP User Notice: Possible problem: you are sending a HTTP header while already having some data in output buffer. Try Tracy\OutputDebugger or send cookies/start session earlier. in /var/www/clients/client4/web95/web/vendor/nette/http/src/Http/Response.php:279  @  https://dev.qrdoklad.cz/debug.php 
[2025-08-12 14-56-24] PHP User Notice: Possible problem: you are sending a HTTP header while already having some data in output buffer. Try Tracy\OutputDebugger or send cookies/start session earlier. in /var/www/clients/client4/web95/web/vendor/nette/http/src/Http/Response.php:279  @  https://dev.qrdoklad.cz/debug.php 
[2025-08-12 14-56-24] PHP User Notice: Possible problem: you are sending a HTTP header while already having some data in output buffer. Try Tracy\OutputDebugger or send cookies/start session earlier. in /var/www/clients/client4/web95/web/vendor/nette/http/src/Http/Response.php:279  @  https://dev.qrdoklad.cz/debug.php 
[2025-08-12 14-56-24] PHP User Notice: Possible problem: you are sending a HTTP header while already having some data in output buffer. Try Tracy\OutputDebugger or send cookies/start session earlier. in /var/www/clients/client4/web95/web/vendor/nette/http/src/Http/Response.php:279  @  https://dev.qrdoklad.cz/debug.php 
[2025-08-12 14-56-24] PHP User Notice: Possible problem: you are sending a HTTP header while already having some data in output buffer. Try Tracy\OutputDebugger or send cookies/start session earlier. in /var/www/clients/client4/web95/web/vendor/nette/http/src/Http/Response.php:279  @  https://dev.qrdoklad.cz/debug.php 
[2025-08-12 14-56-24] PHP User Notice: Possible problem: you are sending a HTTP header while already having some data in output buffer. Try Tracy\OutputDebugger or send cookies/start session earlier. in /var/www/clients/client4/web95/web/vendor/nette/http/src/Http/Response.php:279  @  https://dev.qrdoklad.cz/debug.php 
[2025-08-12 14-56-24] PHP User Notice: Possible problem: you are sending a HTTP header while already having some data in output buffer. Try Tracy\OutputDebugger or send cookies/start session earlier. in /var/www/clients/client4/web95/web/vendor/nette/http/src/Http/Response.php:279  @  https://dev.qrdoklad.cz/debug.php 
[2025-08-12 14-56-24] PHP User Notice: Possible problem: you are sending a HTTP header while already having some data in output buffer. Try Tracy\OutputDebugger or send cookies/start session earlier. in /var/www/clients/client4/web95/web/vendor/nette/http/src/Http/Response.php:279  @  https://dev.qrdoklad.cz/debug.php 
[2025-08-12 14-56-24] PHP User Notice: Possible problem: you are sending a HTTP header while already having some data in output buffer. Try Tracy\OutputDebugger or send cookies/start session earlier. in /var/www/clients/client4/web95/web/vendor/nette/http/src/Http/Response.php:279  @  https://dev.qrdoklad.cz/debug.php 
[2025-08-12 14-56-24] PHP Warning: symlink(): No such file or directory in /var/www/clients/client4/web95/web/app/Bootstrap.php:50  @  https://dev.qrdoklad.cz/debug.php 
[2025-08-12 14-58-24] PHP User Notice: Possible problem: you are sending a HTTP header while already having some data in output buffer. Try Tracy\OutputDebugger or send cookies/start session earlier. in /var/www/clients/client4/web95/web/vendor/nette/http/src/Http/Response.php:279  @  https://dev.qrdoklad.cz/app_debug.php 
[2025-08-12 14-58-24] PHP User Notice: Possible problem: you are sending a HTTP header while already having some data in output buffer. Try Tracy\OutputDebugger or send cookies/start session earlier. in /var/www/clients/client4/web95/web/vendor/nette/http/src/Http/Response.php:279  @  https://dev.qrdoklad.cz/app_debug.php 
[2025-08-12 14-58-24] PHP User Notice: Possible problem: you are sending a HTTP header while already having some data in output buffer. Try Tracy\OutputDebugger or send cookies/start session earlier. in /var/www/clients/client4/web95/web/vendor/nette/http/src/Http/Response.php:279  @  https://dev.qrdoklad.cz/app_debug.php 
[2025-08-12 14-58-24] PHP User Notice: Possible problem: you are sending a HTTP header while already having some data in output buffer. Try Tracy\OutputDebugger or send cookies/start session earlier. in /var/www/clients/client4/web95/web/vendor/nette/http/src/Http/Response.php:279  @  https://dev.qrdoklad.cz/app_debug.php 
[2025-08-12 14-58-24] PHP User Notice: Possible problem: you are sending a HTTP header while already having some data in output buffer. Try Tracy\OutputDebugger or send cookies/start session earlier. in /var/www/clients/client4/web95/web/vendor/nette/http/src/Http/Response.php:279  @  https://dev.qrdoklad.cz/app_debug.php 
[2025-08-12 14-58-24] PHP User Notice: Possible problem: you are sending a HTTP header while already having some data in output buffer. Try Tracy\OutputDebugger or send cookies/start session earlier. in /var/www/clients/client4/web95/web/vendor/nette/http/src/Http/Response.php:279  @  https://dev.qrdoklad.cz/app_debug.php 
[2025-08-12 14-58-24] PHP User Notice: Possible problem: you are sending a HTTP header while already having some data in output buffer. Try Tracy\OutputDebugger or send cookies/start session earlier. in /var/www/clients/client4/web95/web/vendor/nette/http/src/Http/Response.php:279  @  https://dev.qrdoklad.cz/app_debug.php 
[2025-08-12 14-58-24] PHP User Notice: Possible problem: you are sending a HTTP header while already having some data in output buffer. Try Tracy\OutputDebugger or send cookies/start session earlier. in /var/www/clients/client4/web95/web/vendor/nette/http/src/Http/Response.php:279  @  https://dev.qrdoklad.cz/app_debug.php 
[2025-08-12 14-58-24] PHP User Notice: Possible problem: you are sending a HTTP header while already having some data in output buffer. Try Tracy\OutputDebugger or send cookies/start session earlier. in /var/www/clients/client4/web95/web/vendor/nette/http/src/Http/Response.php:279  @  https://dev.qrdoklad.cz/app_debug.php 
[2025-08-12 14-58-24] PHP User Notice: Possible problem: you are sending a HTTP header while already having some data in output buffer. Try Tracy\OutputDebugger or send cookies/start session earlier. in /var/www/clients/client4/web95/web/vendor/nette/http/src/Http/Response.php:279  @  https://dev.qrdoklad.cz/app_debug.php 
[2025-08-12 14-58-24] PHP Warning: symlink(): No such file or directory in /var/www/clients/client4/web95/web/app/Bootstrap.php:50  @  https://dev.qrdoklad.cz/app_debug.php 
[2025-08-12 15-03-06] PHP Warning: symlink(): No such file or directory in /var/www/clients/client4/web95/web/app/Bootstrap.php:50  @  https://dev.qrdoklad.cz/table_debug.php 
[2025-08-12 15-03-06] PHP Deprecated: current(): Calling current() on an object is deprecated in /var/www/clients/client4/web95/web/table_debug.php:10  @  https://dev.qrdoklad.cz/table_debug.php 
[2025-08-12 15-03-06] PHP Deprecated: current(): Calling current() on an object is deprecated in /var/www/clients/client4/web95/web/table_debug.php:10  @  https://dev.qrdoklad.cz/table_debug.php 
[2025-08-12 15-03-06] PHP Deprecated: current(): Calling current() on an object is deprecated in /var/www/clients/client4/web95/web/table_debug.php:10  @  https://dev.qrdoklad.cz/table_debug.php 
[2025-08-12 15-03-06] PHP Deprecated: current(): Calling current() on an object is deprecated in /var/www/clients/client4/web95/web/table_debug.php:10  @  https://dev.qrdoklad.cz/table_debug.php 
[2025-08-12 15-03-06] PHP Deprecated: current(): Calling current() on an object is deprecated in /var/www/clients/client4/web95/web/table_debug.php:10  @  https://dev.qrdoklad.cz/table_debug.php 
[2025-08-12 15-03-06] PHP Deprecated: current(): Calling current() on an object is deprecated in /var/www/clients/client4/web95/web/table_debug.php:10  @  https://dev.qrdoklad.cz/table_debug.php 
[2025-08-12 15-03-06] PHP Deprecated: current(): Calling current() on an object is deprecated in /var/www/clients/client4/web95/web/table_debug.php:10  @  https://dev.qrdoklad.cz/table_debug.php 
[2025-08-12 15-03-06] PHP Deprecated: current(): Calling current() on an object is deprecated in /var/www/clients/client4/web95/web/table_debug.php:10  @  https://dev.qrdoklad.cz/table_debug.php 
[2025-08-12 15-03-06] PHP Deprecated: current(): Calling current() on an object is deprecated in /var/www/clients/client4/web95/web/table_debug.php:10  @  https://dev.qrdoklad.cz/table_debug.php 
[2025-08-12 15-03-06] PHP Deprecated: current(): Calling current() on an object is deprecated in /var/www/clients/client4/web95/web/table_debug.php:10  @  https://dev.qrdoklad.cz/table_debug.php 
[2025-08-12 15-03-06] PHP Deprecated: current(): Calling current() on an object is deprecated in /var/www/clients/client4/web95/web/table_debug.php:10  @  https://dev.qrdoklad.cz/table_debug.php 
[2025-08-12 15-03-06] PHP Deprecated: current(): Calling current() on an object is deprecated in /var/www/clients/client4/web95/web/table_debug.php:10  @  https://dev.qrdoklad.cz/table_debug.php 
[2025-08-12 15-03-06] PHP Deprecated: current(): Calling current() on an object is deprecated in /var/www/clients/client4/web95/web/table_debug.php:10  @  https://dev.qrdoklad.cz/table_debug.php 
[2025-08-12 15-03-06] PHP Deprecated: current(): Calling current() on an object is deprecated in /var/www/clients/client4/web95/web/table_debug.php:10  @  https://dev.qrdoklad.cz/table_debug.php 
[2025-08-12 15-03-06] PHP Deprecated: current(): Calling current() on an object is deprecated in /var/www/clients/client4/web95/web/table_debug.php:10  @  https://dev.qrdoklad.cz/table_debug.php 
[2025-08-12 15-08-20] PHP User Notice: Possible problem: you are sending a HTTP header while already having some data in output buffer. Try Tracy\OutputDebugger or send cookies/start session earlier. in /var/www/clients/client4/web95/web/vendor/nette/http/src/Http/Response.php:279  @  https://dev.qrdoklad.cz/app_debug.php 
[2025-08-12 15-08-20] PHP User Notice: Possible problem: you are sending a HTTP header while already having some data in output buffer. Try Tracy\OutputDebugger or send cookies/start session earlier. in /var/www/clients/client4/web95/web/vendor/nette/http/src/Http/Response.php:279  @  https://dev.qrdoklad.cz/app_debug.php 
[2025-08-12 15-08-20] PHP User Notice: Possible problem: you are sending a HTTP header while already having some data in output buffer. Try Tracy\OutputDebugger or send cookies/start session earlier. in /var/www/clients/client4/web95/web/vendor/nette/http/src/Http/Response.php:279  @  https://dev.qrdoklad.cz/app_debug.php 
[2025-08-12 15-08-20] PHP User Notice: Possible problem: you are sending a HTTP header while already having some data in output buffer. Try Tracy\OutputDebugger or send cookies/start session earlier. in /var/www/clients/client4/web95/web/vendor/nette/http/src/Http/Response.php:279  @  https://dev.qrdoklad.cz/app_debug.php 
[2025-08-12 15-08-20] PHP User Notice: Possible problem: you are sending a HTTP header while already having some data in output buffer. Try Tracy\OutputDebugger or send cookies/start session earlier. in /var/www/clients/client4/web95/web/vendor/nette/http/src/Http/Response.php:279  @  https://dev.qrdoklad.cz/app_debug.php 
[2025-08-12 15-08-20] PHP User Notice: Possible problem: you are sending a HTTP header while already having some data in output buffer. Try Tracy\OutputDebugger or send cookies/start session earlier. in /var/www/clients/client4/web95/web/vendor/nette/http/src/Http/Response.php:279  @  https://dev.qrdoklad.cz/app_debug.php 
[2025-08-12 15-08-20] PHP User Notice: Possible problem: you are sending a HTTP header while already having some data in output buffer. Try Tracy\OutputDebugger or send cookies/start session earlier. in /var/www/clients/client4/web95/web/vendor/nette/http/src/Http/Response.php:279  @  https://dev.qrdoklad.cz/app_debug.php 
[2025-08-12 15-08-20] PHP User Notice: Possible problem: you are sending a HTTP header while already having some data in output buffer. Try Tracy\OutputDebugger or send cookies/start session earlier. in /var/www/clients/client4/web95/web/vendor/nette/http/src/Http/Response.php:279  @  https://dev.qrdoklad.cz/app_debug.php 
[2025-08-12 15-08-20] PHP User Notice: Possible problem: you are sending a HTTP header while already having some data in output buffer. Try Tracy\OutputDebugger or send cookies/start session earlier. in /var/www/clients/client4/web95/web/vendor/nette/http/src/Http/Response.php:279  @  https://dev.qrdoklad.cz/app_debug.php 
[2025-08-12 15-08-20] PHP User Notice: Possible problem: you are sending a HTTP header while already having some data in output buffer. Try Tracy\OutputDebugger or send cookies/start session earlier. in /var/www/clients/client4/web95/web/vendor/nette/http/src/Http/Response.php:279  @  https://dev.qrdoklad.cz/app_debug.php 
[2025-08-12 15-09-06] PHP User Notice: Possible problem: you are sending a HTTP header while already having some data in output buffer. Try Tracy\OutputDebugger or send cookies/start session earlier. in /var/www/clients/client4/web95/web/vendor/nette/http/src/Http/Response.php:279  @  https://dev.qrdoklad.cz/debug.php 
[2025-08-12 15-09-06] PHP User Notice: Possible problem: you are sending a HTTP header while already having some data in output buffer. Try Tracy\OutputDebugger or send cookies/start session earlier. in /var/www/clients/client4/web95/web/vendor/nette/http/src/Http/Response.php:279  @  https://dev.qrdoklad.cz/debug.php 
[2025-08-12 15-09-06] PHP User Notice: Possible problem: you are sending a HTTP header while already having some data in output buffer. Try Tracy\OutputDebugger or send cookies/start session earlier. in /var/www/clients/client4/web95/web/vendor/nette/http/src/Http/Response.php:279  @  https://dev.qrdoklad.cz/debug.php 
[2025-08-12 15-09-06] PHP User Notice: Possible problem: you are sending a HTTP header while already having some data in output buffer. Try Tracy\OutputDebugger or send cookies/start session earlier. in /var/www/clients/client4/web95/web/vendor/nette/http/src/Http/Response.php:279  @  https://dev.qrdoklad.cz/debug.php 
[2025-08-12 15-09-06] PHP User Notice: Possible problem: you are sending a HTTP header while already having some data in output buffer. Try Tracy\OutputDebugger or send cookies/start session earlier. in /var/www/clients/client4/web95/web/vendor/nette/http/src/Http/Response.php:279  @  https://dev.qrdoklad.cz/debug.php 
[2025-08-12 15-09-06] PHP User Notice: Possible problem: you are sending a HTTP header while already having some data in output buffer. Try Tracy\OutputDebugger or send cookies/start session earlier. in /var/www/clients/client4/web95/web/vendor/nette/http/src/Http/Response.php:279  @  https://dev.qrdoklad.cz/debug.php 
[2025-08-12 15-09-06] PHP User Notice: Possible problem: you are sending a HTTP header while already having some data in output buffer. Try Tracy\OutputDebugger or send cookies/start session earlier. in /var/www/clients/client4/web95/web/vendor/nette/http/src/Http/Response.php:279  @  https://dev.qrdoklad.cz/debug.php 
[2025-08-12 15-09-06] PHP User Notice: Possible problem: you are sending a HTTP header while already having some data in output buffer. Try Tracy\OutputDebugger or send cookies/start session earlier. in /var/www/clients/client4/web95/web/vendor/nette/http/src/Http/Response.php:279  @  https://dev.qrdoklad.cz/debug.php 
[2025-08-12 15-09-06] PHP User Notice: Possible problem: you are sending a HTTP header while already having some data in output buffer. Try Tracy\OutputDebugger or send cookies/start session earlier. in /var/www/clients/client4/web95/web/vendor/nette/http/src/Http/Response.php:279  @  https://dev.qrdoklad.cz/debug.php 
[2025-08-12 15-09-06] PHP User Notice: Possible problem: you are sending a HTTP header while already having some data in output buffer. Try Tracy\OutputDebugger or send cookies/start session earlier. in /var/www/clients/client4/web95/web/vendor/nette/http/src/Http/Response.php:279  @  https://dev.qrdoklad.cz/debug.php 
[2025-08-12 15-10-11] PHP User Notice: Possible problem: you are sending a HTTP header while already having some data in output buffer. Try Tracy\OutputDebugger or send cookies/start session earlier. in /var/www/clients/client4/web95/web/vendor/nette/http/src/Http/Response.php:279  @  https://dev.qrdoklad.cz/real_test.php 
[2025-08-12 15-10-11] PHP User Notice: Possible problem: you are sending a HTTP header while already having some data in output buffer. Try Tracy\OutputDebugger or send cookies/start session earlier. in /var/www/clients/client4/web95/web/vendor/nette/http/src/Http/Response.php:279  @  https://dev.qrdoklad.cz/real_test.php 
[2025-08-12 15-10-11] PHP User Notice: Possible problem: you are sending a HTTP header while already having some data in output buffer. Try Tracy\OutputDebugger or send cookies/start session earlier. in /var/www/clients/client4/web95/web/vendor/nette/http/src/Http/Response.php:279  @  https://dev.qrdoklad.cz/real_test.php 
[2025-08-12 15-10-11] PHP User Notice: Possible problem: you are sending a HTTP header while already having some data in output buffer. Try Tracy\OutputDebugger or send cookies/start session earlier. in /var/www/clients/client4/web95/web/vendor/nette/http/src/Http/Response.php:279  @  https://dev.qrdoklad.cz/real_test.php 
[2025-08-12 15-10-11] PHP User Notice: Possible problem: you are sending a HTTP header while already having some data in output buffer. Try Tracy\OutputDebugger or send cookies/start session earlier. in /var/www/clients/client4/web95/web/vendor/nette/http/src/Http/Response.php:279  @  https://dev.qrdoklad.cz/real_test.php 
[2025-08-12 15-10-11] PHP User Notice: Possible problem: you are sending a HTTP header while already having some data in output buffer. Try Tracy\OutputDebugger or send cookies/start session earlier. in /var/www/clients/client4/web95/web/vendor/nette/http/src/Http/Response.php:279  @  https://dev.qrdoklad.cz/real_test.php 
[2025-08-12 15-10-11] PHP User Notice: Possible problem: you are sending a HTTP header while already having some data in output buffer. Try Tracy\OutputDebugger or send cookies/start session earlier. in /var/www/clients/client4/web95/web/vendor/nette/http/src/Http/Response.php:279  @  https://dev.qrdoklad.cz/real_test.php 
[2025-08-12 15-10-11] PHP User Notice: Possible problem: you are sending a HTTP header while already having some data in output buffer. Try Tracy\OutputDebugger or send cookies/start session earlier. in /var/www/clients/client4/web95/web/vendor/nette/http/src/Http/Response.php:279  @  https://dev.qrdoklad.cz/real_test.php 
[2025-08-12 15-10-11] PHP User Notice: Possible problem: you are sending a HTTP header while already having some data in output buffer. Try Tracy\OutputDebugger or send cookies/start session earlier. in /var/www/clients/client4/web95/web/vendor/nette/http/src/Http/Response.php:279  @  https://dev.qrdoklad.cz/real_test.php 
[2025-08-12 15-10-11] PHP User Notice: Possible problem: you are sending a HTTP header while already having some data in output buffer. Try Tracy\OutputDebugger or send cookies/start session earlier. in /var/www/clients/client4/web95/web/vendor/nette/http/src/Http/Response.php:279  @  https://dev.qrdoklad.cz/real_test.php 
[2025-08-12 15-11-14] PHP User Notice: Possible problem: you are sending a HTTP header while already having some data in output buffer. Try Tracy\OutputDebugger or send cookies/start session earlier. in /var/www/clients/client4/web95/web/vendor/nette/http/src/Http/Response.php:279  @  https://dev.qrdoklad.cz/real_test.php 
[2025-08-12 15-11-14] PHP User Notice: Possible problem: you are sending a HTTP header while already having some data in output buffer. Try Tracy\OutputDebugger or send cookies/start session earlier. in /var/www/clients/client4/web95/web/vendor/nette/http/src/Http/Response.php:279  @  https://dev.qrdoklad.cz/real_test.php 
[2025-08-12 15-11-14] PHP User Notice: Possible problem: you are sending a HTTP header while already having some data in output buffer. Try Tracy\OutputDebugger or send cookies/start session earlier. in /var/www/clients/client4/web95/web/vendor/nette/http/src/Http/Response.php:279  @  https://dev.qrdoklad.cz/real_test.php 
[2025-08-12 15-11-14] PHP User Notice: Possible problem: you are sending a HTTP header while already having some data in output buffer. Try Tracy\OutputDebugger or send cookies/start session earlier. in /var/www/clients/client4/web95/web/vendor/nette/http/src/Http/Response.php:279  @  https://dev.qrdoklad.cz/real_test.php 
[2025-08-12 15-11-14] PHP User Notice: Possible problem: you are sending a HTTP header while already having some data in output buffer. Try Tracy\OutputDebugger or send cookies/start session earlier. in /var/www/clients/client4/web95/web/vendor/nette/http/src/Http/Response.php:279  @  https://dev.qrdoklad.cz/real_test.php 
[2025-08-12 15-11-14] PHP User Notice: Possible problem: you are sending a HTTP header while already having some data in output buffer. Try Tracy\OutputDebugger or send cookies/start session earlier. in /var/www/clients/client4/web95/web/vendor/nette/http/src/Http/Response.php:279  @  https://dev.qrdoklad.cz/real_test.php 
[2025-08-12 15-11-14] PHP User Notice: Possible problem: you are sending a HTTP header while already having some data in output buffer. Try Tracy\OutputDebugger or send cookies/start session earlier. in /var/www/clients/client4/web95/web/vendor/nette/http/src/Http/Response.php:279  @  https://dev.qrdoklad.cz/real_test.php 
[2025-08-12 15-11-14] PHP User Notice: Possible problem: you are sending a HTTP header while already having some data in output buffer. Try Tracy\OutputDebugger or send cookies/start session earlier. in /var/www/clients/client4/web95/web/vendor/nette/http/src/Http/Response.php:279  @  https://dev.qrdoklad.cz/real_test.php 
[2025-08-12 15-11-14] PHP User Notice: Possible problem: you are sending a HTTP header while already having some data in output buffer. Try Tracy\OutputDebugger or send cookies/start session earlier. in /var/www/clients/client4/web95/web/vendor/nette/http/src/Http/Response.php:279  @  https://dev.qrdoklad.cz/real_test.php 
[2025-08-12 15-11-14] PHP User Notice: Possible problem: you are sending a HTTP header while already having some data in output buffer. Try Tracy\OutputDebugger or send cookies/start session earlier. in /var/www/clients/client4/web95/web/vendor/nette/http/src/Http/Response.php:279  @  https://dev.qrdoklad.cz/real_test.php 
[2025-08-12 15-56-57] PHP User Notice: Possible problem: you are sending a HTTP header while already having some data in output buffer. Try Tracy\OutputDebugger or send cookies/start session earlier. in /var/www/clients/client4/web95/web/vendor/nette/http/src/Http/Response.php:279  @  https://dev.qrdoklad.cz/real_test.php 
[2025-08-12 15-56-57] PHP User Notice: Possible problem: you are sending a HTTP header while already having some data in output buffer. Try Tracy\OutputDebugger or send cookies/start session earlier. in /var/www/clients/client4/web95/web/vendor/nette/http/src/Http/Response.php:279  @  https://dev.qrdoklad.cz/real_test.php 
[2025-08-12 15-56-57] PHP User Notice: Possible problem: you are sending a HTTP header while already having some data in output buffer. Try Tracy\OutputDebugger or send cookies/start session earlier. in /var/www/clients/client4/web95/web/vendor/nette/http/src/Http/Response.php:279  @  https://dev.qrdoklad.cz/real_test.php 
[2025-08-12 15-56-57] PHP User Notice: Possible problem: you are sending a HTTP header while already having some data in output buffer. Try Tracy\OutputDebugger or send cookies/start session earlier. in /var/www/clients/client4/web95/web/vendor/nette/http/src/Http/Response.php:279  @  https://dev.qrdoklad.cz/real_test.php 
[2025-08-12 15-56-57] PHP User Notice: Possible problem: you are sending a HTTP header while already having some data in output buffer. Try Tracy\OutputDebugger or send cookies/start session earlier. in /var/www/clients/client4/web95/web/vendor/nette/http/src/Http/Response.php:279  @  https://dev.qrdoklad.cz/real_test.php 
[2025-08-12 15-56-57] PHP User Notice: Possible problem: you are sending a HTTP header while already having some data in output buffer. Try Tracy\OutputDebugger or send cookies/start session earlier. in /var/www/clients/client4/web95/web/vendor/nette/http/src/Http/Response.php:279  @  https://dev.qrdoklad.cz/real_test.php 
[2025-08-12 15-56-57] PHP User Notice: Possible problem: you are sending a HTTP header while already having some data in output buffer. Try Tracy\OutputDebugger or send cookies/start session earlier. in /var/www/clients/client4/web95/web/vendor/nette/http/src/Http/Response.php:279  @  https://dev.qrdoklad.cz/real_test.php 
[2025-08-12 15-56-57] PHP User Notice: Possible problem: you are sending a HTTP header while already having some data in output buffer. Try Tracy\OutputDebugger or send cookies/start session earlier. in /var/www/clients/client4/web95/web/vendor/nette/http/src/Http/Response.php:279  @  https://dev.qrdoklad.cz/real_test.php 
[2025-08-12 15-56-57] PHP User Notice: Possible problem: you are sending a HTTP header while already having some data in output buffer. Try Tracy\OutputDebugger or send cookies/start session earlier. in /var/www/clients/client4/web95/web/vendor/nette/http/src/Http/Response.php:279  @  https://dev.qrdoklad.cz/real_test.php 
[2025-08-12 15-56-57] PHP User Notice: Possible problem: you are sending a HTTP header while already having some data in output buffer. Try Tracy\OutputDebugger or send cookies/start session earlier. in /var/www/clients/client4/web95/web/vendor/nette/http/src/Http/Response.php:279  @  https://dev.qrdoklad.cz/real_test.php 
