[2025-08-18 22-55-29] === NAČÍTÁNÍ VŠECH NAINSTALOVANÝCH MODULŮ PRO UŽIVATELE 1 ===  @  http://localhost:8000/security/rate-limit-stats 
[2025-08-18 22-55-29] Nalezeno 1 nainstalovaných modulů (aktivních i neaktivních) pro uživatele 1  @  http://localhost:8000/security/rate-limit-stats 
[2025-08-18 22-55-29] Zpracovávám modul: ID=financial_reports, tenant_id=1, name=Finanční přehledy, aktivní=1  @  http://localhost:8000/security/rate-limit-stats 
[2025-08-18 22-55-29] Načítám modul info ze souboru: D:\_coding\nette\fakturacni-system\app/Modules/tenant_1/financial_reports/module.json  @  http://localhost:8000/security/rate-limit-stats 
[2025-08-18 22-55-29] Úspěšně načten modul financial_reports z tenant 1  @  http://localhost:8000/security/rate-limit-stats 
[2025-08-18 22-55-29] Module info úspěšně načteno pro financial_reports  @  http://localhost:8000/security/rate-limit-stats 
[2025-08-18 22-55-29] Modul financial_reports přidán do výsledků (stav: aktivní)  @  http://localhost:8000/security/rate-limit-stats 
[2025-08-18 22-55-29] === KONEC: Uživatel 1 má 1 nainstalovaných modulů ===  @  http://localhost:8000/security/rate-limit-stats 
[2025-08-18 22-55-29] Filtrováno 1 aktivních modulů z 1 celkem  @  http://localhost:8000/security/rate-limit-stats 
[2025-08-18 22-55-45] === NAČÍTÁNÍ VŠECH NAINSTALOVANÝCH MODULŮ PRO UŽIVATELE 1 ===  @  http://localhost:8000/security/rate-limit-stats 
[2025-08-18 22-55-45] Nalezeno 1 nainstalovaných modulů (aktivních i neaktivních) pro uživatele 1  @  http://localhost:8000/security/rate-limit-stats 
[2025-08-18 22-55-45] Zpracovávám modul: ID=financial_reports, tenant_id=1, name=Finanční přehledy, aktivní=1  @  http://localhost:8000/security/rate-limit-stats 
[2025-08-18 22-55-45] Načítám modul info ze souboru: D:\_coding\nette\fakturacni-system\app/Modules/tenant_1/financial_reports/module.json  @  http://localhost:8000/security/rate-limit-stats 
[2025-08-18 22-55-45] Úspěšně načten modul financial_reports z tenant 1  @  http://localhost:8000/security/rate-limit-stats 
[2025-08-18 22-55-45] Module info úspěšně načteno pro financial_reports  @  http://localhost:8000/security/rate-limit-stats 
[2025-08-18 22-55-45] Modul financial_reports přidán do výsledků (stav: aktivní)  @  http://localhost:8000/security/rate-limit-stats 
[2025-08-18 22-55-45] === KONEC: Uživatel 1 má 1 nainstalovaných modulů ===  @  http://localhost:8000/security/rate-limit-stats 
[2025-08-18 22-55-45] Filtrováno 1 aktivních modulů z 1 celkem  @  http://localhost:8000/security/rate-limit-stats 
[2025-08-18 22-59-11] === NAČÍTÁNÍ VŠECH NAINSTALOVANÝCH MODULŮ PRO UŽIVATELE 1 ===  @  http://localhost:8000/security/rate-limit-stats 
[2025-08-18 22-59-11] Nalezeno 1 nainstalovaných modulů (aktivních i neaktivních) pro uživatele 1  @  http://localhost:8000/security/rate-limit-stats 
[2025-08-18 22-59-11] Zpracovávám modul: ID=financial_reports, tenant_id=1, name=Finanční přehledy, aktivní=1  @  http://localhost:8000/security/rate-limit-stats 
[2025-08-18 22-59-11] Načítám modul info ze souboru: D:\_coding\nette\fakturacni-system\app/Modules/tenant_1/financial_reports/module.json  @  http://localhost:8000/security/rate-limit-stats 
[2025-08-18 22-59-11] Úspěšně načten modul financial_reports z tenant 1  @  http://localhost:8000/security/rate-limit-stats 
[2025-08-18 22-59-11] Module info úspěšně načteno pro financial_reports  @  http://localhost:8000/security/rate-limit-stats 
[2025-08-18 22-59-11] Modul financial_reports přidán do výsledků (stav: aktivní)  @  http://localhost:8000/security/rate-limit-stats 
[2025-08-18 22-59-11] === KONEC: Uživatel 1 má 1 nainstalovaných modulů ===  @  http://localhost:8000/security/rate-limit-stats 
[2025-08-18 22-59-11] Filtrováno 1 aktivních modulů z 1 celkem  @  http://localhost:8000/security/rate-limit-stats 
