[2025-08-11 12-57-56] ModuleManager: Nebyl nastaven user context pro getAllInstalledModules()  @  http://localhost:8000/sign/forgot-password 
[2025-08-11 12-57-56] ModuleManager: Nebyl nastaven user context pro getAllInstalledModules()  @  http://localhost:8000/sign/forgot-password 
[2025-08-11 12-57-57] ModuleManager: Nebyl nastaven user context pro getAllInstalledModules()  @  http://localhost:8000/sign/forgot-password 
[2025-08-11 12-57-57] ModuleManager: Nebyl nastaven user context pro getAllInstalledModules()  @  http://localhost:8000/sign/forgot-password 
[2025-08-11 12-58-00] ModuleManager: Nebyl nastaven user context pro getAllInstalledModules()  @  http://localhost:8000/sign/in?_fid=bg6q 
[2025-08-11 12-58-04] ModuleManager: Nebyl nastaven user context pro getAllInstalledModules()  @  http://localhost:8000/sign/in?_fid=zc1p 
[2025-08-11 12-58-06] ModuleManager: Nebyl nastaven user context pro getAllInstalledModules()  @  http://localhost:8000/sign/in?_fid=1q7n 
[2025-08-11 12-58-13] ModuleManager: Nebyl nastaven user context pro getAllInstalledModules()  @  http://localhost:8000/sign/forgot-password 
[2025-08-11 12-59-43] ModuleManager: Nebyl nastaven user context pro getAllInstalledModules()  @  http://localhost:8000/sign/forgot-password 
[2025-08-11 12-59-43] ModuleManager: Nebyl nastaven user context pro getAllInstalledModules()  @  http://localhost:8000/sign/forgot-password 
[2025-08-11 12-59-44] ModuleManager: Nebyl nastaven user context pro getAllInstalledModules()  @  http://localhost:8000/sign/forgot-password 
[2025-08-11 12-59-44] ModuleManager: Nebyl nastaven user context pro getAllInstalledModules()  @  http://localhost:8000/sign/forgot-password 
[2025-08-11 12-59-49] ModuleManager: Nebyl nastaven user context pro getAllInstalledModules()  @  http://localhost:8000/sign/in?_fid=xyp0 
[2025-08-11 12-59-52] ModuleManager: Nebyl nastaven user context pro getAllInstalledModules()  @  http://localhost:8000/sign/in?_fid=yb6z 
[2025-08-11 12-59-54] ModuleManager: Nebyl nastaven user context pro getAllInstalledModules()  @  http://localhost:8000/sign/in?_fid=ci1b 
[2025-08-11 13-00-01] ModuleManager: Nebyl nastaven user context pro getAllInstalledModules()  @  http://localhost:8000/sign/forgot-password 
[2025-08-11 13-03-50] ModuleManager: Nebyl nastaven user context pro getAllInstalledModules()  @  http://localhost:8000/sign/forgot-password 
[2025-08-11 13-03-50] ModuleManager: Nebyl nastaven user context pro getAllInstalledModules()  @  http://localhost:8000/sign/forgot-password 
[2025-08-11 13-03-50] ModuleManager: Nebyl nastaven user context pro getAllInstalledModules()  @  http://localhost:8000/sign/forgot-password 
[2025-08-11 13-03-50] ModuleManager: Nebyl nastaven user context pro getAllInstalledModules()  @  http://localhost:8000/sign/forgot-password 
[2025-08-11 13-03-54] ModuleManager: Nebyl nastaven user context pro getAllInstalledModules()  @  http://localhost:8000/sign/in?_fid=sutm 
[2025-08-11 13-03-57] ModuleManager: Nebyl nastaven user context pro getAllInstalledModules()  @  http://localhost:8000/sign/in?_fid=4mda 
[2025-08-11 13-04-01] ModuleManager: Nebyl nastaven user context pro getAllInstalledModules()  @  http://localhost:8000/sign/in?_fid=l065 
[2025-08-11 13-04-04] ModuleManager: Nebyl nastaven user context pro getAllInstalledModules()  @  http://localhost:8000/sign/forgot-password 
[2025-08-11 13-22-16] ModuleManager: Nebyl nastaven user context pro getAllInstalledModules()  @  http://localhost:8000/sign/forgot-password 
[2025-08-11 13-22-16] ModuleManager: Nebyl nastaven user context pro getAllInstalledModules()  @  http://localhost:8000/sign/forgot-password 
[2025-08-11 13-22-16] ModuleManager: Nebyl nastaven user context pro getAllInstalledModules()  @  http://localhost:8000/sign/forgot-password 
[2025-08-11 13-22-16] ModuleManager: Nebyl nastaven user context pro getAllInstalledModules()  @  http://localhost:8000/sign/forgot-password 
[2025-08-11 13-22-19] ModuleManager: Nebyl nastaven user context pro getAllInstalledModules()  @  http://localhost:8000/sign/in?_fid=wpf9 
[2025-08-11 13-22-22] ModuleManager: Nebyl nastaven user context pro getAllInstalledModules()  @  http://localhost:8000/sign/in?_fid=zmv8 
[2025-08-11 13-22-26] ModuleManager: Nebyl nastaven user context pro getAllInstalledModules()  @  http://localhost:8000/sign/in?_fid=khws 
[2025-08-11 13-22-29] ModuleManager: Nebyl nastaven user context pro getAllInstalledModules()  @  http://localhost:8000/sign/forgot-password 
[2025-08-11 14-04-06] ModuleManager: Nebyl nastaven user context pro getAllInstalledModules()  @  http://localhost:8000/sign/in?backlink=vy1xg&_fid=mwyf 
[2025-08-11 14-23-57] ModuleManager: Nebyl nastaven user context pro getAllInstalledModules()  @  http://localhost:8000/sign/in?_fid=mirb 
[2025-08-11 14-25-01] ModuleManager: Nebyl nastaven user context pro getAllInstalledModules()  @  http://localhost:8000/sign/in?_fid=y43m 
[2025-08-12 05-29-13] ModuleManager: Nebyl nastaven user context pro getAllInstalledModules()  @  http://localhost:8000/sign/in?backlink=74w83&_fid=17xb 
