2025-05-22 20:07:08 - === RENDER PROFILE START ===
2025-05-22 20:07:08 - User ID: 1
2025-05-22 20:07:08 - User found: admin
2025-05-22 20:07:08 - === CREATE PROFILE FORM START ===
2025-05-22 20:07:08 - === CREATE PROFILE FORM END ===
2025-05-22 20:07:08 - === RENDER PROFILE END ===
2025-05-22 20:07:17 - === CREATE PROFILE FORM START ===
2025-05-22 20:07:17 - === CREATE PROFILE FORM END ===
2025-05-22 20:07:17 - === RENDER PROFILE START ===
2025-05-22 20:07:17 - User ID: 1
2025-05-22 20:07:17 - User found: admin
2025-05-22 20:07:17 - === RENDER PROFILE END ===
2025-05-22 20:09:36 - === RENDER PROFILE START ===
2025-05-22 20:09:36 - User ID: 1
2025-05-22 20:09:36 - User found: admin
2025-05-22 20:09:36 - === CREATE PROFILE FORM START ===
2025-05-22 20:09:36 - === CREATE PROFILE FORM END ===
2025-05-22 20:09:36 - === RENDER PROFILE END ===
2025-05-22 20:09:45 - === RENDER PROFILE START ===
2025-05-22 20:09:45 - User ID: 1
2025-05-22 20:09:45 - User found: admin
2025-05-22 20:09:45 - === CREATE PROFILE FORM START ===
2025-05-22 20:09:45 - === CREATE PROFILE FORM END ===
2025-05-22 20:09:45 - === RENDER PROFILE END ===
2025-05-22 20:10:11 - === CREATE PROFILE FORM START ===
2025-05-22 20:10:11 - === CREATE PROFILE FORM END ===
2025-05-22 20:10:11 - === RENDER PROFILE START ===
2025-05-22 20:10:11 - User ID: 1
2025-05-22 20:10:11 - User found: admin
2025-05-22 20:10:11 - === RENDER PROFILE END ===
2025-05-22 20:10:19 - === CREATE PROFILE FORM START ===
2025-05-22 20:10:19 - === CREATE PROFILE FORM END ===
2025-05-22 20:10:19 - === RENDER PROFILE START ===
2025-05-22 20:10:19 - User ID: 1
2025-05-22 20:10:19 - User found: admin
2025-05-22 20:10:19 - === RENDER PROFILE END ===
2025-05-22 20:10:41 - === CREATE PROFILE FORM START ===
2025-05-22 20:10:41 - === CREATE PROFILE FORM END ===
2025-05-22 20:10:41 - === RENDER PROFILE START ===
2025-05-22 20:10:41 - User ID: 1
2025-05-22 20:10:41 - User found: admin
2025-05-22 20:10:41 - === RENDER PROFILE END ===
2025-05-23 05:39:03 - === RENDER PROFILE START ===
2025-05-23 05:39:03 - User ID: 1
2025-05-23 05:39:03 - User found: admin
2025-05-23 05:39:03 - === CREATE PROFILE FORM START ===
2025-05-23 05:39:03 - === CREATE PROFILE FORM END ===
2025-05-23 05:39:03 - === RENDER PROFILE END ===
2025-05-23 05:39:22 - === CREATE PROFILE FORM START ===
2025-05-23 05:39:22 - === CREATE PROFILE FORM END ===
2025-05-23 05:39:22 - === RENDER PROFILE START ===
2025-05-23 05:39:22 - User ID: 1
2025-05-23 05:39:22 - User found: admin
2025-05-23 05:39:22 - === RENDER PROFILE END ===
2025-05-23 05:40:14 - === RENDER PROFILE START ===
2025-05-23 05:40:14 - User ID: 1
2025-05-23 05:40:14 - User found: admin
2025-05-23 05:40:14 - === CREATE PROFILE FORM START ===
2025-05-23 05:40:14 - === CREATE PROFILE FORM END ===
2025-05-23 05:40:14 - === RENDER PROFILE END ===
